<?xml version="1.0" encoding="UTF-8"?>
<!-- Generated by org.testng.reporters.JUnitReportReporter -->
<testsuite hostname="HATI-SDG00096" failures="0" tests="2" name="LabTest.Phlebotomy_Central_Receiving_Sample_Processing_Media_Observation_No_growth_Pending_Save" time="159.753" errors="0" timestamp="2024-09-11T12:07:07 IST" skipped="0">
  <testcase classname="LabTest.Phlebotomy_Central_Receiving_Sample_Processing_Media_Observation_No_growth_Pending_Save" name="TC_01_verify_That_User_Is_Able_To_Login_MedcareApplication" time="11.412"/>
  <testcase classname="LabTest.Phlebotomy_Central_Receiving_Sample_Processing_Media_Observation_No_growth_Pending_Save" name="TC_04_Phlebotomy_Central_Receiving_Sample_Processing_Media_Observation_No_growth_Pending_Save" time="148.341"/>
</testsuite> <!-- LabTest.Phlebotomy_Central_Receiving_Sample_Processing_Media_Observation_No_growth_Pending_Save -->
