<?xml version="1.0" encoding="UTF-8"?>
<!-- Generated by org.testng.reporters.JUnitReportReporter -->
<testsuite hostname="HATI-SDG00096" failures="0" tests="2" name="LabTest.Growth_Completed_Save_Result_Entry_enter_media_observation_identification_Save_Submit" time="156.394" errors="0" timestamp="2024-09-11T11:34:13 IST" skipped="0">
  <testcase classname="LabTest.Growth_Completed_Save_Result_Entry_enter_media_observation_identification_Save_Submit" name="TC_01_verify_That_User_Is_Able_To_Login_MedcareApplication" time="16.450"/>
  <testcase classname="LabTest.Growth_Completed_Save_Result_Entry_enter_media_observation_identification_Save_Submit" name="TC_04_Growth_Completed_Save_Result_Entry_enter_media_observation_identification_Save" time="139.944"/>
</testsuite> <!-- LabTest.Growth_Completed_Save_Result_Entry_enter_media_observation_identification_Save_Submit -->
