<?xml version="1.0" encoding="UTF-8"?>
<!-- Generated by org.testng.reporters.JUnitReportReporter -->
<testsuite hostname="HATI-SDG00096" failures="0" tests="2" name="ClinicareTest.ER_PAC_Schedule_PAC_Anesthesia" time="380.681" errors="0" timestamp="2024-10-16T21:10:44 SGT" skipped="0">
  <testcase classname="ClinicareTest.ER_PAC_Schedule_PAC_Anesthesia" name="TC_01_verify_That_User_Is_Able_To_Login_MedcareApplication" time="15.606"/>
  <testcase classname="ClinicareTest.ER_PAC_Schedule_PAC_Anesthesia" name="TC_02_ER_PAC_Schedule_PAC_Anesthesia" time="365.075"/>
</testsuite> <!-- ClinicareTest.ER_PAC_Schedule_PAC_Anesthesia -->
