<?xml version="1.0" encoding="UTF-8"?>
<!-- Generated by org.testng.reporters.JUnitReportReporter -->
<testsuite hostname="HATI-SDG00096" failures="0" tests="2" name="OPDTest.Quick_Reg_With_OLD_IC" time="150.351" errors="0" timestamp="2024-07-29T15:10:36 IST" skipped="0">
  <testcase classname="OPDTest.Quick_Reg_With_OLD_IC" name="TC_01_verify_That_User_Is_Able_To_Login_MedcareApplication" time="16.183"/>
  <testcase classname="OPDTest.Quick_Reg_With_OLD_IC" name="TC_02_Verify_That_User_Is_Able_To_Do_Quick_Registration_With_Primary_ID_OLD_IC" time="134.168"/>
</testsuite> <!-- OPDTest.Quick_Reg_With_OLD_IC -->
