<?xml version="1.0" encoding="UTF-8"?>
<!-- Generated by org.testng.reporters.JUnitReportReporter -->
<testsuite hostname="HATI-SDG00096" failures="0" tests="2" name="LabTest.Result_Entry_Print_worklist_verify_report" time="15.953" errors="0" timestamp="2024-09-09T13:42:50 IST" skipped="0">
  <testcase classname="LabTest.Result_Entry_Print_worklist_verify_report" name="TC_01_verify_That_User_Is_Able_To_Login_MedcareApplication" time="15.950"/>
  <testcase classname="LabTest.Result_Entry_Print_worklist_verify_report" name="TC_04_Result_Entry_Print_worklist_verify_report" time="0.003"/>
</testsuite> <!-- LabTest.Result_Entry_Print_worklist_verify_report -->
