<?xml version="1.0" encoding="UTF-8"?>
<!-- Generated by org.testng.reporters.JUnitReportReporter -->
<testsuite hostname="HATI-SDG00096" failures="0" tests="2" name="LabTest.Result_Entry_select_order_Click_hold" time="16.178" errors="0" timestamp="2024-09-09T13:43:54 IST" skipped="0">
  <testcase classname="LabTest.Result_Entry_select_order_Click_hold" name="TC_01_verify_That_User_Is_Able_To_Login_MedcareApplication" time="16.176"/>
  <testcase classname="LabTest.Result_Entry_select_order_Click_hold" name="TC_04_Result_Entry_select_order_Click_hold" time="0.002"/>
</testsuite> <!-- LabTest.Result_Entry_select_order_Click_hold -->
