<?xml version="1.0" encoding="UTF-8"?>
<!-- Generated by org.testng.reporters.JUnitReportReporter -->
<testsuite hostname="HATI-SDG00096" failures="0" tests="2" name="ClinicareTest.ER_Patient_Past_VistDetails" time="125.370" errors="0" timestamp="2024-10-16T21:10:44 SGT" skipped="0">
  <testcase classname="ClinicareTest.ER_Patient_Past_VistDetails" name="TC_01_verify_That_User_Is_Able_To_Login_MedcareApplication" time="15.458"/>
  <testcase classname="ClinicareTest.ER_Patient_Past_VistDetails" name="TC_02_ER_Patient_Past_VistDetails" time="109.912"/>
</testsuite> <!-- ClinicareTest.ER_Patient_Past_VistDetails -->
