<?xml version="1.0" encoding="UTF-8"?>
<!-- Generated by org.testng.reporters.JUnitReportReporter -->
<testsuite hostname="HATI-SDG00096" failures="0" tests="2" name="ClinicareTest.ERPatient_Add_Nursing_Note" time="120.596" errors="0" timestamp="2024-10-16T21:10:44 SGT" skipped="0">
  <testcase classname="ClinicareTest.ERPatient_Add_Nursing_Note" name="TC_01_verify_That_User_Is_Able_To_Login_MedcareApplication" time="15.449"/>
  <testcase classname="ClinicareTest.ERPatient_Add_Nursing_Note" name="TC_02_ERPatient_Add_Nursing_Note" time="105.147"/>
</testsuite> <!-- ClinicareTest.ERPatient_Add_Nursing_Note -->
