<?xml version="1.0" encoding="UTF-8"?>
<!-- Generated by org.testng.reporters.JUnitReportReporter -->
<testsuite hostname="HATI-SDG00096" failures="0" tests="2" name="OPDTest.Encounter_List_Advanced_Search_By_Name" time="77.720" errors="0" timestamp="2024-07-29T11:43:50 IST" skipped="0">
  <testcase classname="OPDTest.Encounter_List_Advanced_Search_By_Name" name="TC_01_verify_That_User_Is_Able_To_Login_MedcareApplication" time="16.991"/>
  <testcase classname="OPDTest.Encounter_List_Advanced_Search_By_Name" name="TC_02_Verify_That_User_Is_Able_TO_Seacrh_Record_Through_Advanced_Search_BY_Name" time="60.729"/>
</testsuite> <!-- OPDTest.Encounter_List_Advanced_Search_By_Name -->
