<?xml version="1.0" encoding="UTF-8"?>
<!-- Generated by org.testng.reporters.JUnitReportReporter -->
<testsuite hostname="HATI-SDG00096" failures="0" tests="2" name="ClinicareTest.ER_Registration_Bay_Add_Details_Save" time="118.182" errors="0" timestamp="2024-10-16T21:10:45 SGT" skipped="0">
  <testcase classname="ClinicareTest.ER_Registration_Bay_Add_Details_Save" name="TC_01_verify_That_User_Is_Able_To_Login_MedcareApplication" time="15.440"/>
  <testcase classname="ClinicareTest.ER_Registration_Bay_Add_Details_Save" name="TC_02_ER_Registration_Bay_Add_Details_Save" time="102.742"/>
</testsuite> <!-- ClinicareTest.ER_Registration_Bay_Add_Details_Save -->
