<?xml version="1.0" encoding="UTF-8"?>
<!-- Generated by org.testng.reporters.JUnitReportReporter -->
<testsuite hostname="HATI-SDG00096" failures="0" tests="2" name="ADTTest.CancelAdmissionTest" time="33.496" errors="0" timestamp="2024-08-05T14:15:37 IST" skipped="0">
  <testcase classname="ADTTest.CancelAdmissionTest" name="TC_01_verify_That_User_Is_Able_To_Login_ADT_Dashboard_Screen" time="11.244"/>
  <testcase classname="ADTTest.CancelAdmissionTest" name="TC_02_Verfiy_That_User_Is_Able_To_Cancel_Admission" time="22.252"/>
</testsuite> <!-- ADTTest.CancelAdmissionTest -->
