<?xml version="1.0" encoding="UTF-8"?>
<!-- Generated by org.testng.reporters.JUnitReportReporter -->
<testsuite hostname="HATI-SDG00096" failures="0" tests="2" name="ClinicareTest2.IP_Patient_NonOT_Procudure_Conduct_Notes_Mark_Conducted_PastVistis_Print_Summery_Test" time="149.994" errors="0" timestamp="2024-10-16T22:43:40 SGT" skipped="0">
  <testcase classname="ClinicareTest2.IP_Patient_NonOT_Procudure_Conduct_Notes_Mark_Conducted_PastVistis_Print_Summery_Test" name="TC_01_verify_That_User_Is_Able_To_Login_MedcareApplication" time="2.852"/>
  <testcase classname="ClinicareTest2.IP_Patient_NonOT_Procudure_Conduct_Notes_Mark_Conducted_PastVistis_Print_Summery_Test" name="TC_02_User_Can_Do_IP_Patient_NonOT_Procudure_Conduct_Notes_Mark_Conducted_PastVistis_PrintSummery" time="147.142"/>
</testsuite> <!-- ClinicareTest2.IP_Patient_NonOT_Procudure_Conduct_Notes_Mark_Conducted_PastVistis_Print_Summery_Test -->
