<?xml version="1.0" encoding="UTF-8"?>
<!-- Generated by org.testng.reporters.JUnitReportReporter -->
<testsuite hostname="HATI-SDG00096" failures="0" tests="2" name="LabTest.Result_Entry_Advanced_search" time="39.539" errors="0" timestamp="2024-09-09T13:41:32 IST" skipped="0">
  <testcase classname="LabTest.Result_Entry_Advanced_search" name="TC_01_verify_That_User_Is_Able_To_Login_MedcareApplication" time="11.209"/>
  <testcase classname="LabTest.Result_Entry_Advanced_search" name="TC_02_Result_Entry_Advanced_search" time="28.330"/>
</testsuite> <!-- LabTest.Result_Entry_Advanced_search -->
