<?xml version="1.0" encoding="UTF-8"?>
<!-- Generated by org.testng.reporters.JUnitReportReporter -->
<testsuite hostname="HATI-SDG00096" failures="0" tests="2" name="LabTest.enter_media_observation_identification_Save_Submit_Result_Verification_Bulk_Entry" time="251.525" errors="0" timestamp="2024-09-11T11:34:13 IST" skipped="0">
  <testcase classname="LabTest.enter_media_observation_identification_Save_Submit_Result_Verification_Bulk_Entry" name="TC_01_verify_That_User_Is_Able_To_Login_MedcareApplication" time="16.319"/>
  <testcase classname="LabTest.enter_media_observation_identification_Save_Submit_Result_Verification_Bulk_Entry" name="TC_04_enter_media_observation_identification_Save_Submit_Result_Verification_Bulk_Entry" time="235.206"/>
</testsuite> <!-- LabTest.enter_media_observation_identification_Save_Submit_Result_Verification_Bulk_Entry -->
