<?xml version="1.0" encoding="UTF-8"?>
<!-- Generated by org.testng.reporters.JUnitReportReporter -->
<testsuite hostname="HATI-SDG00096" failures="0" tests="2" name="OPDTest.OPD_Reg_With_Primary_id_NEW_IC" time="174.209" errors="0" timestamp="2024-07-29T15:10:36 IST" skipped="0">
  <testcase classname="OPDTest.OPD_Reg_With_Primary_id_NEW_IC" name="TC_02_User_Can_Select_Primary_ID_AS_NEW_IC" time="158.002"/>
  <testcase classname="OPDTest.OPD_Reg_With_Primary_id_NEW_IC" name="TC_01_verify_That_User_Is_Able_To_Login_MedcareApplication" time="16.207"/>
</testsuite> <!-- OPDTest.OPD_Reg_With_Primary_id_NEW_IC -->
