<?xml version="1.0" encoding="UTF-8"?>
<!-- Generated by org.testng.reporters.JUnitReportReporter -->
<testsuite hostname="HATI-SDG00096" failures="0" tests="2" name="ClinicareTest.OP_PAtient_Results_Speech_Therapy_Reports_Print" time="293.358" errors="0" timestamp="2024-10-09T20:15:02 SGT" skipped="0">
  <testcase classname="ClinicareTest.OP_PAtient_Results_Speech_Therapy_Reports_Print" name="TC_01_verify_That_User_Is_Able_To_Login_MedcareApplication" time="15.462"/>
  <testcase classname="ClinicareTest.OP_PAtient_Results_Speech_Therapy_Reports_Print" name="TC_02_OP_PAtient_Results_Speech_Therapy_Reports_Print" time="277.896"/>
</testsuite> <!-- ClinicareTest.OP_PAtient_Results_Speech_Therapy_Reports_Print -->
