<?xml version="1.0" encoding="UTF-8"?>
<!-- Generated by org.testng.reporters.JUnitReportReporter -->
<testsuite hostname="HATI-SDG00096" failures="0" tests="2" name="LabTest.Phlebotomy_Central_Receiving_Sample_Processing_Media_Observation_No_growth_In_Progress_Save" time="158.364" errors="0" timestamp="2024-09-11T11:53:50 IST" skipped="0">
  <testcase classname="LabTest.Phlebotomy_Central_Receiving_Sample_Processing_Media_Observation_No_growth_In_Progress_Save" name="TC_01_verify_That_User_Is_Able_To_Login_MedcareApplication" time="12.247"/>
  <testcase classname="LabTest.Phlebotomy_Central_Receiving_Sample_Processing_Media_Observation_No_growth_In_Progress_Save" name="TC_04_Phlebotomy_Central_Receiving_Sample_Processing_Media_Observation_No_growth_In_Progress_Save" time="146.117"/>
</testsuite> <!-- LabTest.Phlebotomy_Central_Receiving_Sample_Processing_Media_Observation_No_growth_In_Progress_Save -->
