<?xml version="1.0" encoding="UTF-8"?>
<!-- Generated by org.testng.reporters.JUnitReportReporter -->
<testsuite hostname="HATI-SDG00096" failures="0" tests="2" name="OPDTest.Encounter_List_Advanced_Search_By_MRN" time="75.115" errors="0" timestamp="2024-07-29T11:43:50 IST" skipped="0">
  <testcase classname="OPDTest.Encounter_List_Advanced_Search_By_MRN" name="TC_01_verify_That_User_Is_Able_To_Login_MedcareApplication" time="17.721"/>
  <testcase classname="OPDTest.Encounter_List_Advanced_Search_By_MRN" name="TC_02_Verify_That_User_Is_Able_TO_Seacrh_Record_Through_Advanced_Search_By_MRN" time="57.394"/>
</testsuite> <!-- OPDTest.Encounter_List_Advanced_Search_By_MRN -->
