<?xml version="1.0" encoding="UTF-8"?>
<!-- Generated by org.testng.reporters.JUnitReportReporter -->
<testsuite hostname="HATI-SDG00096" failures="0" tests="2" name="LabTest.Result_Validation_reject_Phlebotomy_Central_Receiving_Sample_Processing_Result_Entry_Result_Validation_Submit" time="219.942" errors="0" timestamp="2024-09-09T14:20:30 IST" skipped="0">
  <testcase classname="LabTest.Result_Validation_reject_Phlebotomy_Central_Receiving_Sample_Processing_Result_Entry_Result_Validation_Submit" name="TC_01_verify_That_User_Is_Able_To_Login_MedcareApplication" time="16.586"/>
  <testcase classname="LabTest.Result_Validation_reject_Phlebotomy_Central_Receiving_Sample_Processing_Result_Entry_Result_Validation_Submit" name="TC_04_Result_Validation_reject_Phlebotomy_Central_Receiving_Sample_Processing_Result_Entry_Result_Validation_Submit" time="203.356"/>
</testsuite> <!-- LabTest.Result_Validation_reject_Phlebotomy_Central_Receiving_Sample_Processing_Result_Entry_Result_Validation_Submit -->
