<?xml version="1.0" encoding="UTF-8"?>
<!-- Generated by org.testng.reporters.JUnitReportReporter -->
<testsuite hostname="HATI-SDG00096" failures="0" tests="2" name="ClinicareTest2.ER_Registration_Location_Add_GCS_Assistment_Save_Test" time="86.300" errors="0" timestamp="2024-10-16T21:10:44 SGT" skipped="0">
  <testcase classname="ClinicareTest2.ER_Registration_Location_Add_GCS_Assistment_Save_Test" name="TC_01_verify_That_User_Is_Able_To_Login_MedcareApplication" time="2.690"/>
  <testcase classname="ClinicareTest2.ER_Registration_Location_Add_GCS_Assistment_Save_Test" name="TC_02_Click_User_Can_do_ER_Registration_Location_Add_GCS_Assistment_Save" time="83.610"/>
</testsuite> <!-- ClinicareTest2.ER_Registration_Location_Add_GCS_Assistment_Save_Test -->
