<?xml version="1.0" encoding="UTF-8"?>
<!-- Generated by org.testng.reporters.JUnitReportReporter -->
<testsuite hostname="HATI-SDG00096" failures="0" tests="2" name="OPDTest.Quick_Registration_Existing_Patient_with_NewIC_Test" time="107.043" errors="0" timestamp="2024-07-29T15:10:36 IST" skipped="0">
  <testcase classname="OPDTest.Quick_Registration_Existing_Patient_with_NewIC_Test" name="TC_02_Verify_That_User_Is_Able_To_Do_Quick_Registration_NewIC" time="89.885"/>
  <testcase classname="OPDTest.Quick_Registration_Existing_Patient_with_NewIC_Test" name="TC_01_verify_That_User_Is_Able_To_Login_MedcareApplication" time="17.158"/>
</testsuite> <!-- OPDTest.Quick_Registration_Existing_Patient_with_NewIC_Test -->
