<?xml version="1.0" encoding="UTF-8"?>
<!-- Generated by org.testng.reporters.JUnitReportReporter -->
<testsuite hostname="HATI-SDG00096" failures="0" tests="2" name="ADTTest.ADTAdmissionListDashboard_Advanced_Search_By_MRN" time="52.210" errors="0" timestamp="2024-08-05T14:15:37 IST" skipped="0">
  <testcase classname="ADTTest.ADTAdmissionListDashboard_Advanced_Search_By_MRN" name="TC_01_verify_That_User_Is_Able_To_Login_ADT_Admission_Form_MedcareApplication" time="10.325"/>
  <testcase classname="ADTTest.ADTAdmissionListDashboard_Advanced_Search_By_MRN" name="TC_02_Verify_That_User_Is_Able_To_Search_Admission_Record_Through_Advanced_Search_By_MRN" time="41.885"/>
</testsuite> <!-- ADTTest.ADTAdmissionListDashboard_Advanced_Search_By_MRN -->
