<?xml version="1.0" encoding="UTF-8"?>
<!-- Generated by org.testng.reporters.JUnitReportReporter -->
<testsuite hostname="HATI-SDG00096" failures="0" tests="2" name="LabTest.Enter_Normal_Result_Save_Click_back_Verify_color_code_in_result_entry_Click_result_entry_Submit" time="194.024" errors="0" timestamp="2024-09-09T13:17:13 IST" skipped="0">
  <testcase classname="LabTest.Enter_Normal_Result_Save_Click_back_Verify_color_code_in_result_entry_Click_result_entry_Submit" name="TC_01_verify_That_User_Is_Able_To_Login_MedcareApplication" time="16.139"/>
  <testcase classname="LabTest.Enter_Normal_Result_Save_Click_back_Verify_color_code_in_result_entry_Click_result_entry_Submit" name="TC_04_Enter_Normal_Result_Save_Click_back_Verify_color_code_in_result_entry_Click_result_entry_Submit" time="177.885"/>
</testsuite> <!-- LabTest.Enter_Normal_Result_Save_Click_back_Verify_color_code_in_result_entry_Click_result_entry_Submit -->
