<?xml version="1.0" encoding="UTF-8"?>
<!-- Generated by org.testng.reporters.JUnitReportReporter -->
<testsuite hostname="HATI-SDG00096" failures="0" tests="2" name="LabTest.Recollect_at_approval_Central_Receiving_Sample_Processing_Result_entry_Result_Validation_ResultApproval_Recollect" time="214.069" errors="0" timestamp="2024-09-09T13:24:25 IST" skipped="0">
  <testcase classname="LabTest.Recollect_at_approval_Central_Receiving_Sample_Processing_Result_entry_Result_Validation_ResultApproval_Recollect" name="TC_01_verify_That_User_Is_Able_To_Login_MedcareApplication" time="16.035"/>
  <testcase classname="LabTest.Recollect_at_approval_Central_Receiving_Sample_Processing_Result_entry_Result_Validation_ResultApproval_Recollect" name="TC_04_Recollect_at_approval_Central_Receiving_Sample_Processing_Result_entry_Result_Validation_ResultApproval_Recollect" time="198.034"/>
</testsuite> <!-- LabTest.Recollect_at_approval_Central_Receiving_Sample_Processing_Result_entry_Result_Validation_ResultApproval_Recollect -->
