<?xml version="1.0" encoding="UTF-8"?>
<!-- Generated by org.testng.reporters.JUnitReportReporter -->
<testsuite hostname="HATI-SDG00096" failures="0" tests="3" name="OPDTest.Reschedule_New_Appointment_against_doctor" time="363.522" errors="0" timestamp="2024-07-29T11:43:50 IST" skipped="0">
  <testcase classname="OPDTest.Reschedule_New_Appointment_against_doctor" name="TC_01_verify_That_User_Is_Able_To_Login_MedcareApplication" time="16.785"/>
  <testcase classname="OPDTest.Reschedule_New_Appointment_against_doctor" name="TC_02_Verify_that_user_is_able_to_book_the_New_appointment" time="194.795"/>
  <testcase classname="OPDTest.Reschedule_New_Appointment_against_doctor" name="TC_03_Verify_That_User_Is_Able_Reshcedule_the_appointment" time="151.942"/>
</testsuite> <!-- OPDTest.Reschedule_New_Appointment_against_doctor -->
