<?xml version="1.0" encoding="UTF-8"?>
<!-- Generated by org.testng.reporters.JUnitReportReporter -->
<testsuite hostname="HATI-SDG00096" failures="0" tests="2" name="LabTest.Dispatch_screen_advanced_search" time="48.633" errors="0" timestamp="2024-09-09T12:16:22 IST" skipped="0">
  <testcase classname="LabTest.Dispatch_screen_advanced_search" name="TC_01_verify_That_User_Is_Able_To_Login_MedcareApplication" time="11.366"/>
  <testcase classname="LabTest.Dispatch_screen_advanced_search" name="TC_02_Verify_That_User_Is_Able_Fill_The_Basic_Information_To_Registration_Page" time="37.267"/>
</testsuite> <!-- LabTest.Dispatch_screen_advanced_search -->
