<?xml version="1.0" encoding="UTF-8"?>
<!-- Generated by org.testng.reporters.JUnitReportReporter -->
<testsuite hostname="HATI-SDG00096" failures="0" tests="2" name="LabTest.Enter_media_observation_identification_Save_Submit_Result_Verification_Result_Approval_Hold" time="271.760" errors="0" timestamp="2024-09-11T11:34:13 IST" skipped="0">
  <testcase classname="LabTest.Enter_media_observation_identification_Save_Submit_Result_Verification_Result_Approval_Hold" name="TC_01_verify_That_User_Is_Able_To_Login_MedcareApplication" time="16.253"/>
  <testcase classname="LabTest.Enter_media_observation_identification_Save_Submit_Result_Verification_Result_Approval_Hold" name="TC_02_Create_prerequisit_with_patiantcreat_and_finallbill" time="255.507"/>
</testsuite> <!-- LabTest.Enter_media_observation_identification_Save_Submit_Result_Verification_Result_Approval_Hold -->
