<?xml version="1.0" encoding="UTF-8"?>
<!-- Generated by org.testng.reporters.JUnitReportReporter -->
<testsuite hostname="HATI-SDG00096" failures="0" tests="2" name="ClinicareTest.ERPatient_Past_VistDetails_Print_Summery" time="137.191" errors="0" timestamp="2024-10-16T21:10:44 SGT" skipped="0">
  <testcase classname="ClinicareTest.ERPatient_Past_VistDetails_Print_Summery" name="TC_01_verify_That_User_Is_Able_To_Login_MedcareApplication" time="15.444"/>
  <testcase classname="ClinicareTest.ERPatient_Past_VistDetails_Print_Summery" name="TC_02_ERPatient_Past_VistDetails_Print_Summery" time="121.747"/>
</testsuite> <!-- ClinicareTest.ERPatient_Past_VistDetails_Print_Summery -->
