<?xml version="1.0" encoding="UTF-8"?>
<!-- Generated by org.testng.reporters.JUnitReportReporter -->
<testsuite hostname="HATI-SDG00096" failures="0" tests="2" name="ADTTest.Multiple_Bed_Blocking" time="29.268" errors="0" timestamp="2024-08-05T14:15:37 IST" skipped="0">
  <testcase classname="ADTTest.Multiple_Bed_Blocking" name="Tc_02_Verify_User_Can_Able_TO_Do_Multiple_Bed_Blocking" time="19.038"/>
  <testcase classname="ADTTest.Multiple_Bed_Blocking" name="TC_01_verify_That_User_Is_Able_To_Login_ADT_Form_Bed_Blocking" time="10.230"/>
</testsuite> <!-- ADTTest.Multiple_Bed_Blocking -->
