<?xml version="1.0" encoding="UTF-8"?>
<!-- Generated by org.testng.reporters.JUnitReportReporter -->
<testsuite hostname="HATI-SDG00096" failures="0" tests="2" name="ClinicareTest.ER_Add_Lab_Orders_Lab_Accept_Order_Results_Lab_Result_Report" time="174.198" errors="0" timestamp="2024-10-16T21:10:44 SGT" skipped="0">
  <testcase classname="ClinicareTest.ER_Add_Lab_Orders_Lab_Accept_Order_Results_Lab_Result_Report" name="TC_01_verify_That_User_Is_Able_To_Login_MedcareApplication" time="15.588"/>
  <testcase classname="ClinicareTest.ER_Add_Lab_Orders_Lab_Accept_Order_Results_Lab_Result_Report" name="TC_02_ER_Add_Lab_Orders_Lab_Accept_Order_Results_Lab_Result_Report" time="158.610"/>
</testsuite> <!-- ClinicareTest.ER_Add_Lab_Orders_Lab_Accept_Order_Results_Lab_Result_Report -->
