<?xml version="1.0" encoding="UTF-8"?>
<!-- Generated by org.testng.reporters.JUnitReportReporter -->
<testsuite hostname="HATI-SDG00096" failures="0" tests="2" name="ClinicareTest2.ER_Patient_Encounter_Summery_PrintOrder_Test" time="74.282" errors="0" timestamp="2024-10-16T21:10:44 SGT" skipped="0">
  <testcase classname="ClinicareTest2.ER_Patient_Encounter_Summery_PrintOrder_Test" name="TC_01_verify_That_User_Is_Able_To_Login_MedcareApplication" time="2.677"/>
  <testcase classname="ClinicareTest2.ER_Patient_Encounter_Summery_PrintOrder_Test" name="TC_02_User_can_Do_ER_Patient_Encounter_Summery_PrintOrder_Test" time="71.605"/>
</testsuite> <!-- ClinicareTest2.ER_Patient_Encounter_Summery_PrintOrder_Test -->
