<?xml version="1.0" encoding="UTF-8"?>
<!-- Generated by org.testng.reporters.JUnitReportReporter -->
<testsuite hostname="HATI-SDG00096" failures="0" tests="3" name="OPDTest.Cancel_new_appointment_against_Department" time="199.843" errors="0" timestamp="2024-07-29T11:43:50 IST" skipped="0">
  <testcase classname="OPDTest.Cancel_new_appointment_against_Department" name="TC_01_Verify_that_user_is_able_to_login_the_application" time="14.416"/>
  <testcase classname="OPDTest.Cancel_new_appointment_against_Department" name="TC_02_Verify_that_user_is_able_to_book_the_New_appointment_against_Department" time="134.786"/>
  <testcase classname="OPDTest.Cancel_new_appointment_against_Department" name="TC_03_Verify_that_appointment_is_cancelled_succsessfull_against_department" time="50.641"/>
</testsuite> <!-- OPDTest.Cancel_new_appointment_against_Department -->
