<?xml version="1.0" encoding="UTF-8"?>
<!-- Generated by org.testng.reporters.JUnitReportReporter -->
<testsuite hostname="HATI-SDG00096" failures="0" tests="2" name="ADTTest.NewAdmissionWithVIPPatient_Passport_Test" time="288.030" errors="0" timestamp="2024-08-05T14:15:37 IST" skipped="0">
  <testcase classname="ADTTest.NewAdmissionWithVIPPatient_Passport_Test" name="TC_01_Verify_Login" time="10.062"/>
  <testcase classname="ADTTest.NewAdmissionWithVIPPatient_Passport_Test" name="TC_02_User_Able_To_Do_Admission_With_VIP_Passport" time="277.968"/>
</testsuite> <!-- ADTTest.NewAdmissionWithVIPPatient_Passport_Test -->
