<?xml version="1.0" encoding="UTF-8"?>
<!-- Generated by org.testng.reporters.JUnitReportReporter -->
<testsuite hostname="HATI-SDG00096" failures="0" tests="2" name="OPDTest.Book_New_AppointMent_against_Doctor" time="150.207" errors="0" timestamp="2024-07-29T11:43:50 IST" skipped="0">
  <testcase classname="OPDTest.Book_New_AppointMent_against_Doctor" name="TC_01_Verify_that_user_is_able_to_login_the_application" time="14.367"/>
  <testcase classname="OPDTest.Book_New_AppointMent_against_Doctor" name="TC_02_Verify_that_user_is_able_to_book_the_New_appointment" time="135.840"/>
</testsuite> <!-- OPDTest.Book_New_AppointMent_against_Doctor -->
