<?xml version="1.0" encoding="UTF-8"?>
<!-- Generated by org.testng.reporters.JUnitReportReporter -->
<testsuite hostname="HATI-SDG00096" failures="0" tests="2" name="OPDTest.Update2ndPayer" time="82.063" errors="0" timestamp="2024-07-29T15:10:36 IST" skipped="0">
  <testcase classname="OPDTest.Update2ndPayer" name="TC_01_verify_That_User_Is_Able_To_Login_MedcareApplicationogin" time="16.228"/>
  <testcase classname="OPDTest.Update2ndPayer" name="TC_02_Verify_That_User_Able_to_Update_sponsor_2Payer" time="65.835"/>
</testsuite> <!-- OPDTest.Update2ndPayer -->
