<?xml version="1.0" encoding="UTF-8"?>
<!-- Generated by org.testng.reporters.JUnitReportReporter -->
<testsuite hostname="HATI-SDG00096" failures="0" tests="2" name="ClinicareTest.OP_Patient_ConsultQ_Print_All_Immunations" time="172.462" errors="0" timestamp="2024-10-17T18:18:34 SGT" skipped="0">
  <testcase classname="ClinicareTest.OP_Patient_ConsultQ_Print_All_Immunations" name="TC_01_verify_That_User_Is_Able_To_Login_MedcareApplication" time="15.693"/>
  <testcase classname="ClinicareTest.OP_Patient_ConsultQ_Print_All_Immunations" name="TC_02_OP_OP_Patient_ConsultQ_Print_All_Immunations" time="156.769"/>
</testsuite> <!-- ClinicareTest.OP_Patient_ConsultQ_Print_All_Immunations -->
