<?xml version="1.0" encoding="UTF-8"?>
<!-- Generated by org.testng.reporters.JUnitReportReporter -->
<testsuite hostname="HATI-SDG00096" failures="0" tests="2" name="LabTest.Outsource_Advanced_search" time="67.701" errors="0" timestamp="2024-09-11T11:34:13 IST" skipped="0">
  <testcase classname="LabTest.Outsource_Advanced_search" name="TC_01_verify_That_User_Is_Able_To_Login_MedcareApplication" time="11.241"/>
  <testcase classname="LabTest.Outsource_Advanced_search" name="TC_02_Outsource_Advanced_search" time="56.460"/>
</testsuite> <!-- LabTest.Outsource_Advanced_search -->
