<?xml version="1.0" encoding="UTF-8"?>
<!-- Generated by org.testng.reporters.JUnitReportReporter -->
<testsuite hostname="HATI-SDG00096" failures="0" tests="2" name="ClinicareTest.IP_Nursing_clinicare_Test" time="626.952" errors="0" timestamp="2024-09-24T17:52:58 SGT" skipped="0">
  <testcase classname="ClinicareTest.IP_Nursing_clinicare_Test" name="TC_01_verify_That_User_Is_Able_To_Login_MedcareApplication" time="15.752"/>
  <testcase classname="ClinicareTest.IP_Nursing_clinicare_Test" name="TC_02_Click_print_and_submit_Result_Entry_View_orders" time="611.200"/>
</testsuite> <!-- ClinicareTest.IP_Nursing_clinicare_Test -->
