<?xml version="1.0" encoding="UTF-8"?>
<!-- Generated by org.testng.reporters.JUnitReportReporter -->
<testsuite hostname="HATI-SDG00096" failures="0" tests="2" name="LabTest.Enter_media_observation_identification_Save_Submit_Result_Verification_Hold" time="187.081" errors="0" timestamp="2024-09-11T11:34:13 IST" skipped="0">
  <testcase classname="LabTest.Enter_media_observation_identification_Save_Submit_Result_Verification_Hold" name="TC_02Enter_media_observation_identification_Save_Submit_Result_Verification_Hold" time="175.697"/>
  <testcase classname="LabTest.Enter_media_observation_identification_Save_Submit_Result_Verification_Hold" name="TC_01_verify_That_User_Is_Able_To_Login_MedcareApplication" time="11.384"/>
</testsuite> <!-- LabTest.Enter_media_observation_identification_Save_Submit_Result_Verification_Hold -->
