<?xml version="1.0" encoding="UTF-8"?>
<!-- Generated by org.testng.reporters.JUnitReportReporter -->
<testsuite hostname="HATI-SDG00096" failures="0" tests="4" name="ADTTest.AdmissionRequestTest_For_OLD_IC" time="335.225" errors="0" timestamp="2024-08-05T14:15:37 IST" skipped="0">
  <testcase classname="ADTTest.AdmissionRequestTest_For_OLD_IC" name="TC_01_Verify_Login" time="9.802"/>
  <testcase classname="ADTTest.AdmissionRequestTest_For_OLD_IC" name="TC_02_User_Able_To_Do_AdmissionRequest_With_NEW_IC_Primary_Identification" time="88.800"/>
  <testcase classname="ADTTest.AdmissionRequestTest_For_OLD_IC" name="TC_03_User_Able_to_Do_ADTRegistartionForm" time="50.867"/>
  <testcase classname="ADTTest.AdmissionRequestTest_For_OLD_IC" name="TC_04_Verify_User_Can_Fill_ADT_Admission_Form" time="185.756"/>
</testsuite> <!-- ADTTest.AdmissionRequestTest_For_OLD_IC -->
