<?xml version="1.0" encoding="UTF-8"?>
<!-- Generated by org.testng.reporters.JUnitReportReporter -->
<testsuite hostname="HATI-SDG00096" failures="0" tests="2" name="LabTest.Restest_Save_Submit_Result_entry_Enter_new_result_Result_EntryResult_validation_Result_approval_Report" time="193.145" errors="0" timestamp="2024-09-09T13:39:52 IST" skipped="0">
  <testcase classname="LabTest.Restest_Save_Submit_Result_entry_Enter_new_result_Result_EntryResult_validation_Result_approval_Report" name="TC_01_verify_That_User_Is_Able_To_Login_MedcareApplication" time="16.003"/>
  <testcase classname="LabTest.Restest_Save_Submit_Result_entry_Enter_new_result_Result_EntryResult_validation_Result_approval_Report" name="TC_04Restest_Save_Submit_Result_entry_Enter_new_result_Result_EntryResult_validation_Result_approval_Report" time="177.142"/>
</testsuite> <!-- LabTest.Restest_Save_Submit_Result_entry_Enter_new_result_Result_EntryResult_validation_Result_approval_Report -->
