<?xml version="1.0" encoding="UTF-8"?>
<!-- Generated by org.testng.reporters.JUnitReportReporter -->
<testsuite hostname="HATI-SDG00096" failures="0" tests="2" name="ADTTest.BedViewsTest_By_Ward" time="46.848" errors="0" timestamp="2024-08-05T14:15:37 IST" skipped="0">
  <testcase classname="ADTTest.BedViewsTest_By_Ward" name="TC_01_verify_That_User_Is_Able_To_Login_Medcare" time="10.269"/>
  <testcase classname="ADTTest.BedViewsTest_By_Ward" name="TC_02_verify_User_Can_see_Bed_Details" time="36.579"/>
</testsuite> <!-- ADTTest.BedViewsTest_By_Ward -->
