<?xml version="1.0" encoding="UTF-8"?>
<!-- Generated by org.testng.reporters.JUnitReportReporter -->
<testsuite hostname="HATI-SDG00096" failures="0" tests="2" name="LabTest.Enter_media_observation_identification_Save_Submit_Result_Verification_Save_Provisional_Release_Print" time="250.303" errors="0" timestamp="2024-09-11T11:34:13 IST" skipped="0">
  <testcase classname="LabTest.Enter_media_observation_identification_Save_Submit_Result_Verification_Save_Provisional_Release_Print" name="TC_01_verify_That_User_Is_Able_To_Login_MedcareApplication" time="16.258"/>
  <testcase classname="LabTest.Enter_media_observation_identification_Save_Submit_Result_Verification_Save_Provisional_Release_Print" name="TC_04_Enter_media_observation_identification_Save_Submit_Result_Verification_Save_Provisional_Release_Print" time="234.045"/>
</testsuite> <!-- LabTest.Enter_media_observation_identification_Save_Submit_Result_Verification_Save_Provisional_Release_Print -->
