<?xml version="1.0" encoding="UTF-8"?>
<!-- Generated by org.testng.reporters.JUnitReportReporter -->
<testsuite hostname="HATI-SDG00096" failures="0" tests="2" name="ADTTest.BedViewsTest_By_Status" time="62.560" errors="0" timestamp="2024-08-05T14:15:37 IST" skipped="0">
  <testcase classname="ADTTest.BedViewsTest_By_Status" name="TC_01_verify_That_User_Is_Able_To_Login_Medcare" time="10.175"/>
  <testcase classname="ADTTest.BedViewsTest_By_Status" name="TC_02_verify_That_User_Can_see_Bed_Details_By_Selecting_Status" time="52.385"/>
</testsuite> <!-- ADTTest.BedViewsTest_By_Status -->
