<?xml version="1.0" encoding="UTF-8"?>
<!-- Generated by org.testng.reporters.JUnitReportReporter -->
<testsuite hostname="HATI-SDG00096" failures="0" tests="2" name="OPDTest.Advanced_Search_Of_Appointment" time="45.801" errors="0" timestamp="2024-07-29T11:43:50 IST" skipped="0">
  <testcase classname="OPDTest.Advanced_Search_Of_Appointment" name="TC_01_verify_That_User_Is_Able_To_Login_MedcareApplication" time="17.473"/>
  <testcase classname="OPDTest.Advanced_Search_Of_Appointment" name="TC_02_Verify_That_User_Can_Search_Appoint_Using_Advanced_Search_By_MRN" time="28.328"/>
</testsuite> <!-- OPDTest.Advanced_Search_Of_Appointment -->
