<?xml version="1.0" encoding="UTF-8"?>
<!-- Generated by org.testng.reporters.JUnitReportReporter -->
<testsuite hostname="HATI-SDG00096" failures="0" tests="2" name="LabTest.Reject_order_print_submit_central_receiving_submit_sample_submit_result_entry_view_order" time="214.355" errors="0" timestamp="2024-09-09T13:32:27 IST" skipped="0">
  <testcase classname="LabTest.Reject_order_print_submit_central_receiving_submit_sample_submit_result_entry_view_order" name="TC_01_verify_That_User_Is_Able_To_Login_MedcareApplication" time="16.140"/>
  <testcase classname="LabTest.Reject_order_print_submit_central_receiving_submit_sample_submit_result_entry_view_order" name="TC_04_Reject_order_print_submit_central_receiving_submit_sample_submit_result_entry_view_order" time="198.215"/>
</testsuite> <!-- LabTest.Reject_order_print_submit_central_receiving_submit_sample_submit_result_entry_view_order -->
