<?xml version="1.0" encoding="UTF-8"?>
<!-- Generated by org.testng.reporters.JUnitReportReporter -->
<testsuite hostname="HATI-SDG00096" failures="0" tests="2" name="OPDTest.Advanced_Search_Of_Appointment_By_Name" time="41.686" errors="0" timestamp="2024-07-29T11:43:50 IST" skipped="0">
  <testcase classname="OPDTest.Advanced_Search_Of_Appointment_By_Name" name="TC_01_verify_That_User_Is_Able_To_Login_MedcareApplication" time="16.989"/>
  <testcase classname="OPDTest.Advanced_Search_Of_Appointment_By_Name" name="TC_02_Verify_That_User_Can_Search_Appoint_Using_Advanced_Search_By_Name" time="24.697"/>
</testsuite> <!-- OPDTest.Advanced_Search_Of_Appointment_By_Name -->
