<?xml version="1.0" encoding="UTF-8"?>
<!-- Generated by org.testng.reporters.JUnitReportReporter -->
<testsuite hostname="HATI-SDG00096" failures="0" tests="2" name="LabTest.Click_print_and_submit_Result_Entry_View_orders" time="16.678" errors="1" timestamp="2024-09-11T11:34:13 IST" skipped="0">
  <testcase classname="LabTest.Click_print_and_submit_Result_Entry_View_orders" name="TC_01_verify_That_User_Is_Able_To_Login_MedcareApplication" time="16.671"/>
  <testcase classname="LabTest.Click_print_and_submit_Result_Entry_View_orders" name="TC_04_Click_print_and_submit_Result_Entry_View_orders" time="0.007">
    <error message="Unresolved compilation problems: 
	takename cannot be resolved to a variable
	SaveResultentry cannot be resolved to a variable
	DiscardSample cannot be resolved to a variable
	Clickonchecbodsx cannot be resolved to a variable
	MarkDiscard cannot be resolved to a variable
	DiscardType cannot be resolved to a variable
	Discatrtyoeopt cannot be resolved to a variable
	Discardon cannot be resolved to a variable
	doscardsave cannot be resolved to a variable
	DiscardSamplem cannot be resolved to a variable
	DiscardSamplem cannot be resolved to a variable
	takename cannot be resolved to a variable
	SaveResultentry cannot be resolved to a variable
	DiscardSample cannot be resolved to a variable
	Clickonchecbodsx cannot be resolved to a variable
	MarkDiscard cannot be resolved to a variable
	DiscardType cannot be resolved to a variable
	Discatrtyoeopt cannot be resolved to a variable
	Discardon cannot be resolved to a variable
	doscardsave cannot be resolved to a variable
	DiscardSamplem cannot be resolved to a variable
	DiscardSamplem cannot be resolved to a variable
	Getmrnvrify cannot be resolved to a variable
	checkboocx cannot be resolved to a variable
	InternalDemo cannot be resolved to a variable
	selectrecoo cannot be resolved to a variable
	Parameterinput1 cannot be resolved to a variable
	Parameterinput2 cannot be resolved to a variable
	Parameterinput3 cannot be resolved to a variable
	Parameterinput4 cannot be resolved to a variable
	Parameterinput5 cannot be resolved to a variable
	Parameterinput6 cannot be resolved to a variable
	Parameterinput7 cannot be resolved to a variable
	Parameterinput8 cannot be resolved to a variable
	Parameterinput9 cannot be resolved to a variable
	Parameterinput10 cannot be resolved to a variable
	Parameterinput111 cannot be resolved to a variable
	Clickoncheckbox cannot be resolved to a variable
	UploadResultEntrybutton1 cannot be resolved to a variable
	UploadResultEntrybutton2 cannot be resolved to a variable
	CheeoseFile_4 cannot be resolved to a variable
	Upload3 cannot be resolved to a variable
	SaveButton5 cannot be resolved to a variable
	ClickOnsAVE cannot be resolved to a variable
	back cannot be resolved to a variable
	checkboocx cannot be resolved to a variable
	Checkboxt cannot be resolved to a variable
	submitbut cannot be resolved to a variable
	ClickOncheckbox cannot be resolved to a variable
	UploadDocumet cannot be resolved to a variable
	FileNameAssertion cannot be resolved to a variable
	Uploaddocumet_2 cannot be resolved to a variable
	ChooseFileValidation cannot be resolved to a variable
	Uploadnewfile cannot be resolved to a variable
	NewFileValidation cannot be resolved to a variable
	SaveValidation cannot be resolved to a variable
	checkboocx cannot be resolved to a variable
	InternalDemo cannot be resolved to a variable
	selectrecoo cannot be resolved to a variable
	Parameterinput1 cannot be resolved to a variable
	Parameterinput2 cannot be resolved to a variable
	Parameterinput3 cannot be resolved to a variable
	Parameterinput4 cannot be resolved to a variable
	Parameterinput5 cannot be resolved to a variable
	Parameterinput6 cannot be resolved to a variable
	Parameterinput7 cannot be resolved to a variable
	Parameterinput8 cannot be resolved to a variable
	Parameterinput9 cannot be resolved to a variable
	Parameterinput10 cannot be resolved to a variable
	Parameterinput111 cannot be resolved to a variable
	Clickoncheckbox cannot be resolved to a variable
	ClickOnsAVE cannot be resolved to a variable
	Clickoncheckbox cannot be resolved to a variable
	Reset cannot be resolved to a variable
	Checkboxchab cannot be resolved to a variable
	InternalDemo cannot be resolved to a variable
	selectrecoo cannot be resolved to a variable
	Parameterinput1 cannot be resolved to a variable
	Parameterinput2 cannot be resolved to a variable
	Parameterinput3 cannot be resolved to a variable
	Parameterinput4 cannot be resolved to a variable
	Parameterinput5 cannot be resolved to a variable
	Parameterinput6 cannot be resolved to a variable
	Parameterinput7 cannot be resolved to a variable
	Parameterinput8 cannot be resolved to a variable
	Parameterinput9 cannot be resolved to a variable
	Parameterinput10 cannot be resolved to a variable
	Parameterinput111 cannot be resolved to a variable
	Clickoncheckbox cannot be resolved to a variable
	UploadResultEntrybutton1 cannot be resolved to a variable
	UploadResultEntrybutton2 cannot be resolved to a variable
	CheeoseFile_4 cannot be resolved to a variable
	Upload3 cannot be resolved to a variable
	SaveButton5 cannot be resolved to a variable
	ClickOnsAVE cannot be resolved to a variable
	Syntax error, insert &quot;}&quot; to complete MethodBody
	checkboxdd cannot be resolved to a variable
	ResultEntryDashboard cannot be resolved to a variable
	ResultEntry cannot be resolved to a variable
	ResultEntryVerification cannot be resolved to a variable
" type="java.lang.Error">
      <![CDATA[java.lang.Error: Unresolved compilation problems: 
takename cannot be resolved to a variable
SaveResultentry cannot be resolved to a variable
DiscardSample cannot be resolved to a variable
Clickonchecbodsx cannot be resolved to a variable
MarkDiscard cannot be resolved to a variable
DiscardType cannot be resolved to a variable
Discatrtyoeopt cannot be resolved to a variable
Discardon cannot be resolved to a variable
doscardsave cannot be resolved to a variable
DiscardSamplem cannot be resolved to a variable
DiscardSamplem cannot be resolved to a variable
takename cannot be resolved to a variable
SaveResultentry cannot be resolved to a variable
DiscardSample cannot be resolved to a variable
Clickonchecbodsx cannot be resolved to a variable
MarkDiscard cannot be resolved to a variable
DiscardType cannot be resolved to a variable
Discatrtyoeopt cannot be resolved to a variable
Discardon cannot be resolved to a variable
doscardsave cannot be resolved to a variable
DiscardSamplem cannot be resolved to a variable
DiscardSamplem cannot be resolved to a variable
Getmrnvrify cannot be resolved to a variable
checkboocx cannot be resolved to a variable
InternalDemo cannot be resolved to a variable
selectrecoo cannot be resolved to a variable
Parameterinput1 cannot be resolved to a variable
Parameterinput2 cannot be resolved to a variable
Parameterinput3 cannot be resolved to a variable
Parameterinput4 cannot be resolved to a variable
Parameterinput5 cannot be resolved to a variable
Parameterinput6 cannot be resolved to a variable
Parameterinput7 cannot be resolved to a variable
Parameterinput8 cannot be resolved to a variable
Parameterinput9 cannot be resolved to a variable
Parameterinput10 cannot be resolved to a variable
Parameterinput111 cannot be resolved to a variable
Clickoncheckbox cannot be resolved to a variable
UploadResultEntrybutton1 cannot be resolved to a variable
UploadResultEntrybutton2 cannot be resolved to a variable
CheeoseFile_4 cannot be resolved to a variable
Upload3 cannot be resolved to a variable
SaveButton5 cannot be resolved to a variable
ClickOnsAVE cannot be resolved to a variable
back cannot be resolved to a variable
checkboocx cannot be resolved to a variable
Checkboxt cannot be resolved to a variable
submitbut cannot be resolved to a variable
ClickOncheckbox cannot be resolved to a variable
UploadDocumet cannot be resolved to a variable
FileNameAssertion cannot be resolved to a variable
Uploaddocumet_2 cannot be resolved to a variable
ChooseFileValidation cannot be resolved to a variable
Uploadnewfile cannot be resolved to a variable
NewFileValidation cannot be resolved to a variable
SaveValidation cannot be resolved to a variable
checkboocx cannot be resolved to a variable
InternalDemo cannot be resolved to a variable
selectrecoo cannot be resolved to a variable
Parameterinput1 cannot be resolved to a variable
Parameterinput2 cannot be resolved to a variable
Parameterinput3 cannot be resolved to a variable
Parameterinput4 cannot be resolved to a variable
Parameterinput5 cannot be resolved to a variable
Parameterinput6 cannot be resolved to a variable
Parameterinput7 cannot be resolved to a variable
Parameterinput8 cannot be resolved to a variable
Parameterinput9 cannot be resolved to a variable
Parameterinput10 cannot be resolved to a variable
Parameterinput111 cannot be resolved to a variable
Clickoncheckbox cannot be resolved to a variable
ClickOnsAVE cannot be resolved to a variable
Clickoncheckbox cannot be resolved to a variable
Reset cannot be resolved to a variable
Checkboxchab cannot be resolved to a variable
InternalDemo cannot be resolved to a variable
selectrecoo cannot be resolved to a variable
Parameterinput1 cannot be resolved to a variable
Parameterinput2 cannot be resolved to a variable
Parameterinput3 cannot be resolved to a variable
Parameterinput4 cannot be resolved to a variable
Parameterinput5 cannot be resolved to a variable
Parameterinput6 cannot be resolved to a variable
Parameterinput7 cannot be resolved to a variable
Parameterinput8 cannot be resolved to a variable
Parameterinput9 cannot be resolved to a variable
Parameterinput10 cannot be resolved to a variable
Parameterinput111 cannot be resolved to a variable
Clickoncheckbox cannot be resolved to a variable
UploadResultEntrybutton1 cannot be resolved to a variable
UploadResultEntrybutton2 cannot be resolved to a variable
CheeoseFile_4 cannot be resolved to a variable
Upload3 cannot be resolved to a variable
SaveButton5 cannot be resolved to a variable
ClickOnsAVE cannot be resolved to a variable
Syntax error, insert "}" to complete MethodBody
checkboxdd cannot be resolved to a variable
ResultEntryDashboard cannot be resolved to a variable
ResultEntry cannot be resolved to a variable
ResultEntryVerification cannot be resolved to a variable

at LabPages.enter_media_observation_identificationsave.<init>(enter_media_observation_identificationsave.java:678)
at LabTest.Click_print_and_submit_Result_Entry_View_orders.TC_04_Click_print_and_submit_Result_Entry_View_orders(Click_print_and_submit_Result_Entry_View_orders.java:85)
at java.base/jdk.internal.reflect.DirectMethodHandleAccessor.invoke(DirectMethodHandleAccessor.java:103)
at java.base/java.lang.reflect.Method.invoke(Method.java:580)
at org.testng.internal.invokers.MethodInvocationHelper.invokeMethod(MethodInvocationHelper.java:139)
at org.testng.internal.invokers.TestInvoker.invokeMethod(TestInvoker.java:664)
at org.testng.internal.invokers.TestInvoker.invokeTestMethod(TestInvoker.java:228)
at org.testng.internal.invokers.MethodRunner.runInSequence(MethodRunner.java:63)
at org.testng.internal.invokers.TestInvoker$MethodInvocationAgent.invoke(TestInvoker.java:961)
at org.testng.internal.invokers.TestInvoker.invokeTestMethods(TestInvoker.java:201)
at org.testng.internal.invokers.TestMethodWorker.invokeTestMethods(TestMethodWorker.java:148)
at org.testng.internal.invokers.TestMethodWorker.run(TestMethodWorker.java:128)
at java.base/java.util.ArrayList.forEach(ArrayList.java:1596)
at org.testng.TestRunner.privateRun(TestRunner.java:819)
at org.testng.TestRunner.run(TestRunner.java:619)
at org.testng.SuiteRunner.runTest(SuiteRunner.java:443)
at org.testng.SuiteRunner.runSequentially(SuiteRunner.java:437)
at org.testng.SuiteRunner.privateRun(SuiteRunner.java:397)
at org.testng.SuiteRunner.run(SuiteRunner.java:336)
at org.testng.SuiteRunnerWorker.runSuite(SuiteRunnerWorker.java:52)
at org.testng.SuiteRunnerWorker.run(SuiteRunnerWorker.java:95)
at org.testng.TestNG.runSuitesSequentially(TestNG.java:1301)
at org.testng.TestNG.runSuitesSequentially(TestNG.java:1296)
at org.testng.TestNG.runSuitesLocally(TestNG.java:1228)
at org.testng.TestNG.runSuites(TestNG.java:1134)
at org.testng.TestNG.run(TestNG.java:1101)
at org.testng.remote.AbstractRemoteTestNG.run(AbstractRemoteTestNG.java:115)
at org.testng.remote.RemoteTestNG.initAndRun(RemoteTestNG.java:251)
at org.testng.remote.RemoteTestNG.main(RemoteTestNG.java:77)
]]>
    </error>
  </testcase> <!-- TC_04_Click_print_and_submit_Result_Entry_View_orders -->
</testsuite> <!-- LabTest.Click_print_and_submit_Result_Entry_View_orders -->
