<?xml version="1.0" encoding="UTF-8"?>
<!-- Generated by org.testng.reporters.JUnitReportReporter -->
<testsuite hostname="HATI-SDG00096" failures="0" tests="2" name="OPDTest.PatientMergeTest" time="55.641" errors="0" timestamp="2024-07-29T15:10:36 IST" skipped="0">
  <testcase classname="OPDTest.PatientMergeTest" name="TC_01_Verify_User_Login" time="18.168"/>
  <testcase classname="OPDTest.PatientMergeTest" name="TC_02_User_Can_Do_Patient_Merge" time="37.473"/>
</testsuite> <!-- OPDTest.PatientMergeTest -->
