<?xml version="1.0" encoding="UTF-8"?>
<!-- Generated by org.testng.reporters.JUnitReportReporter -->
<testsuite hostname="HATI-SDG00096" failures="0" tests="2" name="LabTest.Phlebotomy_Central_Receiving_Sample_Processing_Media_Observation_Growth_Completed_Save" time="165.807" errors="0" timestamp="2024-09-11T11:46:26 IST" skipped="0">
  <testcase classname="LabTest.Phlebotomy_Central_Receiving_Sample_Processing_Media_Observation_Growth_Completed_Save" name="TC_01_verify_That_User_Is_Able_To_Login_MedcareApplication" time="11.971"/>
  <testcase classname="LabTest.Phlebotomy_Central_Receiving_Sample_Processing_Media_Observation_Growth_Completed_Save" name="TC_04_Phlebotomy_Central_Receiving_Sample_Processing_Media_Observation_Growth_Completed_Save" time="153.836"/>
</testsuite> <!-- LabTest.Phlebotomy_Central_Receiving_Sample_Processing_Media_Observation_Growth_Completed_Save -->
