<?xml version="1.0" encoding="UTF-8"?>
<!-- Generated by org.testng.reporters.JUnitReportReporter -->
<testsuite hostname="HATI-SDG00096" failures="0" tests="4" name="ADTTest.ADT_Admission_Request_For_Registered_With_OLD_IC" time="439.744" errors="0" timestamp="2024-08-05T14:15:37 IST" skipped="0">
  <testcase classname="ADTTest.ADT_Admission_Request_For_Registered_With_OLD_IC" name="TC_01_Verify_Login" time="9.832"/>
  <testcase classname="ADTTest.ADT_Admission_Request_For_Registered_With_OLD_IC" name="TC_02_Verify_That_User_Is_Able_To_Do_Quick_Registration_With_Primary_ID_NEW_IC" time="192.497"/>
  <testcase classname="ADTTest.ADT_Admission_Request_For_Registered_With_OLD_IC" name="TC_03_User_Able_To_Do_AdmissionRequestform" time="43.696"/>
  <testcase classname="ADTTest.ADT_Admission_Request_For_Registered_With_OLD_IC" name="TC_04_Verify_User_Can_Fill_ADT_Admission_Form" time="193.719"/>
</testsuite> <!-- ADTTest.ADT_Admission_Request_For_Registered_With_OLD_IC -->
