<?xml version="1.0" encoding="UTF-8"?>
<!-- Generated by org.testng.reporters.JUnitReportReporter -->
<testsuite hostname="HATI-SDG00096" failures="0" tests="3" name="OPDTest.OPD_ExistingRegWithOldICTest" time="300.752" errors="0" timestamp="2024-07-29T15:10:36 IST" skipped="0">
  <testcase classname="OPDTest.OPD_ExistingRegWithOldICTest" name="TC_02_Verify_That_User_Is_Able_Fill_The_Basic_Information_To_Registration_Page_OldIC" time="185.214"/>
  <testcase classname="OPDTest.OPD_ExistingRegWithOldICTest" name="TC_01_verify_That_User_Is_Able_To_Login_MedcareApplication" time="16.192"/>
  <testcase classname="OPDTest.OPD_ExistingRegWithOldICTest" name="TC_03_Verify_That_User_Is_Able_TO_Fill_Encounter_Details_For_Second_Encounter" time="99.346"/>
</testsuite> <!-- OPDTest.OPD_ExistingRegWithOldICTest -->
