<?xml version="1.0" encoding="UTF-8"?>
<!-- Generated by org.testng.reporters.JUnitReportReporter -->
<testsuite hostname="HATI-SDG00096" failures="0" tests="3" name="OPDTest.ResgistrationTestt" time="302.840" errors="0" timestamp="2024-07-29T11:43:50 IST" skipped="0">
  <testcase classname="OPDTest.ResgistrationTestt" name="TC_02_Verify_That_User_Is_Able_Fill_The_Basic_Information_To_Registration_Page" time="171.099"/>
  <testcase classname="OPDTest.ResgistrationTestt" name="TC_03_Verify_That_User_Is_Able_TO_Fill_Encounter_Details" time="114.763"/>
  <testcase classname="OPDTest.ResgistrationTestt" name="TC_01_verify_That_User_Is_Able_To_Login_MedcareApplication" time="16.978"/>
</testsuite> <!-- OPDTest.ResgistrationTestt -->
