<?xml version="1.0" encoding="UTF-8"?>
<!-- Generated by org.testng.reporters.JUnitReportReporter -->
<testsuite hostname="HATI-SDG00096" failures="0" tests="2" name="ADTTest.BedBlockingWith_Extended_BlockedDate" time="84.829" errors="0" timestamp="2024-08-05T14:15:37 IST" skipped="0">
  <testcase classname="ADTTest.BedBlockingWith_Extended_BlockedDate" name="TC_01_verify_That_User_Is_Able_To_Login_ADT_Form_Bed_Blocking" time="11.677"/>
  <testcase classname="ADTTest.BedBlockingWith_Extended_BlockedDate" name="Tc_02_Verify_User_Can_Able_TO_Do_Bed_Blocking" time="73.152"/>
</testsuite> <!-- ADTTest.BedBlockingWith_Extended_BlockedDate -->
