<?xml version="1.0" encoding="UTF-8"?>
<!-- Generated by org.testng.reporters.JUnitReportReporter -->
<testsuite hostname="HATI-SDG00096" failures="0" tests="2" name="ClinicareTest2.IP_Patient_Profile_Test" time="105.912" errors="0" timestamp="2024-10-16T22:43:40 SGT" skipped="0">
  <testcase classname="ClinicareTest2.IP_Patient_Profile_Test" name="TC_01_verify_That_User_Is_Able_To_Login_MedcareApplication" time="2.870"/>
  <testcase classname="ClinicareTest2.IP_Patient_Profile_Test" name="TC_02_User_Can_Do_IP_Patient_Profile" time="103.042"/>
</testsuite> <!-- ClinicareTest2.IP_Patient_Profile_Test -->
