<?xml version="1.0" encoding="UTF-8"?>
<!-- Generated by org.testng.reporters.JUnitReportReporter -->
<testsuite hostname="HATI-SDG00096" failures="0" tests="3" name="OPDTest.Book_New_AppointMent_against_Department" time="174.796" errors="0" timestamp="2024-07-29T11:43:50 IST" skipped="0">
  <testcase classname="OPDTest.Book_New_AppointMent_against_Department" name="TC_01_Verify_that_user_is_able_to_login_the_application" time="14.368"/>
  <testcase classname="OPDTest.Book_New_AppointMent_against_Department" name="TC_02_Verify_that_user_is_able_to_book_the_New_appointment_against_Department" time="134.832"/>
  <testcase classname="OPDTest.Book_New_AppointMent_against_Department" name="TC_03_Verify_that_department_Appointment_is_booked_successfully" time="25.596"/>
</testsuite> <!-- OPDTest.Book_New_AppointMent_against_Department -->
