<?xml version="1.0" encoding="UTF-8"?>
<!-- Generated by org.testng.reporters.JUnitReportReporter -->
<testsuite hostname="HATI-SDG00096" failures="0" tests="2" name="OPDTest.UpdatePayerDelete" time="116.350" errors="0" timestamp="2024-07-29T15:10:36 IST" skipped="0">
  <testcase classname="OPDTest.UpdatePayerDelete" name="TC_02_Verify_That_User_Able_to_Delete_Update_sponsor_Delete" time="100.138"/>
  <testcase classname="OPDTest.UpdatePayerDelete" name="TC_01_verify_That_User_Is_Able_To_Login_MedcareApplicationogin" time="16.212"/>
</testsuite> <!-- OPDTest.UpdatePayerDelete -->
