<?xml version="1.0" encoding="UTF-8"?>
<!-- Generated by org.testng.reporters.JUnitReportReporter -->
<testsuite hostname="HATI-SDG00096" failures="0" tests="2" name="ADTTest.New_Admitted_Patient_Clinical_Discharge_Test" time="17.869" errors="0" timestamp="2024-08-05T14:15:37 IST" skipped="0">
  <testcase classname="ADTTest.New_Admitted_Patient_Clinical_Discharge_Test" name="TC_01_Verify_Login" time="10.488"/>
  <testcase classname="ADTTest.New_Admitted_Patient_Clinical_Discharge_Test" name="TC_02_User_Able_To_Do_Clinical_Discharge" time="7.381"/>
</testsuite> <!-- ADTTest.New_Admitted_Patient_Clinical_Discharge_Test -->
