<?xml version="1.0" encoding="UTF-8"?>
<!-- Generated by org.testng.reporters.JUnitReportReporter -->
<testsuite hostname="HATI-SDG00096" failures="0" tests="2" name="ClinicareTest.OP_Patient_ConsultQ_Print_All_Med_Orders" time="167.687" errors="0" timestamp="2024-10-17T18:30:41 SGT" skipped="0">
  <testcase classname="ClinicareTest.OP_Patient_ConsultQ_Print_All_Med_Orders" name="TC_01_verify_That_User_Is_Able_To_Login_MedcareApplication" time="15.747"/>
  <testcase classname="ClinicareTest.OP_Patient_ConsultQ_Print_All_Med_Orders" name="TC_02_OP_Patient_ConsultQ_Print_All_Med_Orders" time="151.940"/>
</testsuite> <!-- ClinicareTest.OP_Patient_ConsultQ_Print_All_Med_Orders -->
