<?xml version="1.0" encoding="UTF-8"?>
<!-- Generated by org.testng.reporters.JUnitReportReporter -->
<testsuite hostname="HATI-SDG00096" failures="0" tests="2" name="OPDTest.Quick_Registration_Existing_Patient_Test" time="17.227" errors="1" timestamp="2024-07-29T15:10:36 IST" skipped="0">
  <testcase classname="OPDTest.Quick_Registration_Existing_Patient_Test" name="TC_02_Verify_That_User_Is_Able_To_Do_Quick_Registration_Passport" time="0.000">
    <error message="
Parameter &#039;EnterPatientNamePar&#039; is required by @Test on method TC_02_Verify_That_User_Is_Able_To_Do_Quick_Registration_Passport but has not been marked @Optional or defined
in C:\Users\Kamlakar\git\Medcare_Automation_Framework\MedcareFramrwork_id-backend\Test_Suite_Runner_XMLS\QuickRegtestngWithExisting.xml" type="org.testng.TestNGException">
      <![CDATA[org.testng.TestNGException: 
Parameter 'EnterPatientNamePar' is required by @Test on method TC_02_Verify_That_User_Is_Able_To_Do_Quick_Registration_Passport but has not been marked @Optional or defined
in C:\Users\Kamlakar\git\Medcare_Automation_Framework\MedcareFramrwork_id-backend\Test_Suite_Runner_XMLS\QuickRegtestngWithExisting.xml
at org.testng.internal.Parameters.createParams(Parameters.java:267)
at org.testng.internal.Parameters.createParametersForMethod(Parameters.java:355)
at org.testng.internal.Parameters.createParameters(Parameters.java:693)
at org.testng.internal.Parameters.handleParameters(Parameters.java:888)
at org.testng.internal.Parameters.handleParameters(Parameters.java:737)
at org.testng.internal.invokers.ParameterHandler.handleParameters(ParameterHandler.java:72)
at org.testng.internal.invokers.ParameterHandler.createParameters(ParameterHandler.java:51)
at org.testng.internal.invokers.TestInvoker$MethodInvocationAgent.invoke(TestInvoker.java:915)
at org.testng.internal.invokers.TestInvoker.invokeTestMethods(TestInvoker.java:201)
at org.testng.internal.invokers.TestMethodWorker.invokeTestMethods(TestMethodWorker.java:148)
at org.testng.internal.invokers.TestMethodWorker.run(TestMethodWorker.java:128)
at java.base/java.util.ArrayList.forEach(ArrayList.java:1596)
at org.testng.TestRunner.privateRun(TestRunner.java:819)
at org.testng.TestRunner.run(TestRunner.java:619)
at org.testng.SuiteRunner.runTest(SuiteRunner.java:443)
at org.testng.SuiteRunner.runSequentially(SuiteRunner.java:437)
at org.testng.SuiteRunner.privateRun(SuiteRunner.java:397)
at org.testng.SuiteRunner.run(SuiteRunner.java:336)
at org.testng.SuiteRunnerWorker.runSuite(SuiteRunnerWorker.java:52)
at org.testng.SuiteRunnerWorker.run(SuiteRunnerWorker.java:95)
at org.testng.TestNG.runSuitesSequentially(TestNG.java:1301)
at org.testng.TestNG.runSuitesSequentially(TestNG.java:1296)
at org.testng.TestNG.runSuitesLocally(TestNG.java:1228)
at org.testng.TestNG.runSuites(TestNG.java:1134)
at org.testng.TestNG.run(TestNG.java:1101)
at org.testng.remote.AbstractRemoteTestNG.run(AbstractRemoteTestNG.java:115)
at org.testng.remote.RemoteTestNG.initAndRun(RemoteTestNG.java:251)
at org.testng.remote.RemoteTestNG.main(RemoteTestNG.java:77)
]]>
    </error>
  </testcase> <!-- TC_02_Verify_That_User_Is_Able_To_Do_Quick_Registration_Passport -->
  <testcase classname="OPDTest.Quick_Registration_Existing_Patient_Test" name="TC_01_verify_That_User_Is_Able_To_Login_MedcareApplication" time="17.227"/>
</testsuite> <!-- OPDTest.Quick_Registration_Existing_Patient_Test -->
