<?xml version="1.0" encoding="UTF-8"?>
<!-- Generated by org.testng.reporters.JUnitReportReporter -->
<testsuite hostname="HATI-SDG00096" failures="0" tests="2" name="ADTTest.BedBlockingTest" time="17.744" errors="0" timestamp="2024-08-05T14:15:37 IST" skipped="0">
  <testcase classname="ADTTest.BedBlockingTest" name="TC_01_verify_That_User_Is_Able_To_Login_ADT_Form_Bed_Blocking" time="10.273"/>
  <testcase classname="ADTTest.BedBlockingTest" name="Tc_02_Verify_User_Can_Able_TO_Do_Bed_Blocking" time="7.471"/>
</testsuite> <!-- ADTTest.BedBlockingTest -->
